 --------------------- BROCADE ----------------------------------
 
 -------------------------- nvt command:show version all-partitions ----------------------------------------

Network Operating System Software
Network Operating System Version: 6.0.1
Copyright (c) 1995-2015 Brocade Communications Systems, Inc.
Firmware name:      6.0.1a
Build Time:         20:56:30 Sep 15, 2015
Install Time:       17:34:46 Jul  6, 2016
Kernel:             2.6.34.6

BootProm:           1.0.1
Control Processor:  e500mc with 4096 MB of memory

Slot    Name    Primary/Secondary Versions                         Status
---------------------------------------------------------------------------
SW/0    NOS     6.0.1a                                             ACTIVE*
                6.0.1a
SW/1    NOS     6.0.1a                                             STANDBY
                6.0.1a

------------------  nvt command:show port-channel detail  ------------------------------
 
 LACP Aggregator: Po 10 (vLAG)(Defaulted)
 Aggregator type: Standard
 Ignore-split is enabled
 Member rbridges:
 rbridge-id: 1 (2)
 rbridge-id: 2 (1)
 Actor System ID - 0x8000,01-e0-52-00-00-01
 Admin Key: 0010 - Oper Key 0010
 Receive link count: 1 - Transmit link count: 1
 Individual: 0 - Ready: 1
 Partner System ID - 0x8000,00-05-1e-cd-0f-ea
 Partner Oper Key 0010
 Member ports on rbridge-id 2:
 Link: Te 2/0/7 (0x218038006) sync: 1

-------------------------------- nvt command:show vlan brief provisioned --------------------------------------------
Total Number of VLANs configured    : 22
Total Number of VLANs provisioned   : 22
Total Number of VLANs unprovisioned : 0
VLAN             Name            State                      Ports           Classification
(F)-FCoE                                                    (u)-Untagged
(R)-RSPAN                                                   (c)-Converged
(T)-TRANSPARENT                                             (t)-Tagged
================ =============== ========================== =============== ====================
1                Management      ACTIVE                     Te 2/0/48(t)
                                                            Te 2/0/46(t)
                                                            Te 2/0/47(t)
                                                            Te 2/0/44(t)
                                                            Te 2/0/42(t)
                                                            Te 2/0/43(t)
                                                            Te 2/0/45(t)
                                                            Te 2/0/8(u)
                                                            Te 2/0/6(t)
                                                            Te 2/0/7(t)
                                                            Te 2/0/4(u)
                                                            Te 2/0/2(u)
                                                            Te 2/0/3(u)
                                                            Te 2/0/5(t)
                                                            Te 2/0/41(t)

100              MBS for Bottom* ACTIVE                     Te 2/0/5(t)
                                                            Te 2/0/6(t)

101              MBS for Top Vx* ACTIVE                     Te 2/0/5(t)
                                                            Te 2/0/6(t)

102              MBS for VxRail* ACTIVE                     Te 2/0/5(t)
                                                            Te 2/0/6(t)

120              pslab1-vmotion  ACTIVE                     Te 2/0/47(t)
                                                            Te 2/0/48(t)
                                                            Te 2/0/45(t)
                                                            Te 2/0/43(t)
                                                            Te 2/0/44(t)
                                                            Te 2/0/46(t)
                                                            Te 2/0/41(t)
                                                            Te 2/0/5(t)
                                                            Te 2/0/6(t)
                                                            Te 2/0/42(t)

130              pslab1-vsan     ACTIVE                     Te 2/0/47(t)
                                                            Te 2/0/48(t)
                                                            Te 2/0/45(t)
                                                            Te 2/0/43(t)
                                                            Te 2/0/44(t)
                                                            Te 2/0/46(t)
                                                            Te 2/0/41(t)
                                                            Te 2/0/5(t)
                                                            Te 2/0/6(t)
                                                            Te 2/0/42(t)

140              pslab1-guest-n* ACTIVE                     Te 2/0/47(t)
                                                            Te 2/0/48(t)
                                                            Te 2/0/45(t)
                                                            Te 2/0/43(t)
                                                            Te 2/0/44(t)
                                                            Te 2/0/46(t)
                                                            Te 2/0/41(t)
                                                            Te 2/0/5(t)
                                                            Te 2/0/6(t)
                                                            Te 2/0/42(t)

150              pslab1-guest-n* ACTIVE                     Te 2/0/47(t)
                                                            Te 2/0/48(t)
                                                            Te 2/0/45(t)
                                                            Te 2/0/43(t)
                                                            Te 2/0/44(t)
                                                            Te 2/0/46(t)
                                                            Te 2/0/41(t)
                                                            Te 2/0/5(t)
                                                            Te 2/0/6(t)
                                                            Te 2/0/42(t)

220              pslab2-vmotion  ACTIVE                     Te 2/0/5(t)
                                                            Te 2/0/6(t)

230              pslab2-vsan     ACTIVE                     Te 2/0/5(t)
                                                            Te 2/0/6(t)

240              pslab2-guest-n* ACTIVE                     Te 2/0/5(t)
                                                            Te 2/0/6(t)

250              pslab2-guest-n* ACTIVE                     Te 2/0/5(t)
                                                            Te 2/0/6(t)

320              pslab3-vmotion  ACTIVE                     Te 2/0/5(t)
                                                            Te 2/0/6(t)

330              pslab3-vsan     ACTIVE                     Te 2/0/5(t)
                                                            Te 2/0/6(t)

340              pslab3-guest-n* ACTIVE                     Te 2/0/5(t)
                                                            Te 2/0/6(t)

350              pslab2-guest-n* ACTIVE                     Te 2/0/5(t)
                                                            Te 2/0/6(t)

420              vxsc-vmotion    ACTIVE                     Te 2/0/5(t)
                                                            Te 2/0/6(t)

430              vxsc-vsan       ACTIVE                     Te 2/0/7(t)
                                                            Te 2/0/5(t)
                                                            Te 2/0/6(t)

440              vxsc-guest-net* ACTIVE                     Te 2/0/5(t)
                                                            Te 2/0/6(t)

450              vxsc-guest-net* INACTIVE(no member port)

1002(F)          VLAN1002        INACTIVE(no member port)

1230             VLAN1230        ACTIVE                     Te 2/0/5(t)
                                                            Te 2/0/6(t)


------------------  nvt command:show interface trunk ---------------------------------------
--------------------------------------------------------------------------------
Port          Vlans Allowed on Trunk
--------------------------------------------------------------------------------
Fo 2/0/49      Nil
Fo 2/0/50      Nil
Fo 2/0/51      Nil
Fo 2/0/52      Nil
Te 2/0/1       Nil
Te 2/0/2       1, 4095,
Te 2/0/3       1, 4095,
Te 2/0/4       1, 4095,
Te 2/0/5       1, 100-102, 120,
               130, 140, 150,
               220, 230, 240,
               250, 320, 330,
               340, 350, 420,
               430, 440, 1230,
               4095,
Te 2/0/6       1, 100-102, 120,
               130, 140, 150,
               220, 230, 240,
               250, 320, 330,
               340, 350, 420,
               430, 440, 1230,
               4095,
Te 2/0/7       1, 430, 4095,
Te 2/0/8       1, 4095,
Te 2/0/9       Nil
Te 2/0/10      Nil
Te 2/0/11      Nil
Te 2/0/12      Nil
Te 2/0/13      Nil
Te 2/0/14      Nil
Te 2/0/15      Nil
Te 2/0/16      Nil
Te 2/0/17      Nil
Te 2/0/18      Nil
Te 2/0/19      Nil
Te 2/0/20      Nil
Te 2/0/21      Nil
Te 2/0/22      Nil
Te 2/0/23      Nil
Te 2/0/24      Nil
Te 2/0/25      Nil
Te 2/0/26      Nil
Te 2/0/27      Nil
Te 2/0/28      Nil
Te 2/0/29      Nil
Te 2/0/30      Nil
Te 2/0/31      Nil
Te 2/0/32      Nil
Te 2/0/33      Nil
Te 2/0/34      Nil
Te 2/0/35      Nil
Te 2/0/36      Nil
Te 2/0/37      Nil
Te 2/0/38      Nil
Te 2/0/39      Nil
Te 2/0/40      Nil
Te 2/0/41      1, 120, 130,
               140, 150, 4095,
Te 2/0/42      1, 120, 130,
               140, 150, 4095,
Te 2/0/43      1, 120, 130,
               140, 150, 4095,
Te 2/0/44      1, 120, 130,
               140, 150, 4095,
Te 2/0/45      1, 120, 130,
               140, 150, 4095,
Te 2/0/46      1, 120, 130,
               140, 150, 4095,
Te 2/0/47      1, 120, 130,
               140, 150, 4095,
Te 2/0/48      1, 120, 130,
               140, 150, 4095,

               
------------------ nvt command:show interface status ------------------

--------------------------------------------------------------------------------
Port         Status        Mode      Speed   Type           Description
--------------------------------------------------------------------------------
Fo 2/0/49    sfpAbsent     --         --       --                                                                                                                                                    
Fo 2/0/50    sfpAbsent     --         --       --                                                                                                                                                    
Fo 2/0/51    sfpAbsent     --         --       --                                                                                                                                                    
Fo 2/0/52    sfpAbsent     --         --       --                                                                                                                                                    
Te 2/0/1     connected     ISL        10G      10G-SFP-SR      ISL to bottom                                                                                                                         
Te 2/0/2     connected     Access     1G       1G-SFP          Uplink to EMC 10.                                                                                                                     241.168.x
Te 2/0/3     connected     Access     1G       1G-SFP          Link to KVM                                                                                                                           
Te 2/0/4     notconnected  Access     --       SFP             Link to Unmanaged                                                                                                                      switch
Te 2/0/5     connected     Trunk      1G       1G-SFP          Link to ESXi vSwi                                                                                                                     tch - Management
Te 2/0/6     connected     Trunk      1G       1G-SFP          Link to ESXi vSwi                                                                                                                     tch - vCenter PSC
Te 2/0/7     connected     Trunk      1G       1G-SFP          Link to ESXi vSwi                                                                                                                     tch - Witness
Te 2/0/8     sfpAbsent     Access     --       --              Idle link to EMC                                                                                                                      10.241.230.x
Te 2/0/9     sfpAbsent     --         --       --                                                                                                                                                    
Te 2/0/10    sfpAbsent     --         --       --                                                                                                                                                    
Te 2/0/11    sfpAbsent     --         --       --                                                                                                                                                    
Te 2/0/12    sfpAbsent     --         --       --                                                                                                                                                    
Te 2/0/13    sfpAbsent     --         --       --                                                                                                                                                    
Te 2/0/14    sfpAbsent     --         --       --                                                                                                                                                    
Te 2/0/15    sfpAbsent     --         --       --                                                                                                                                                    
Te 2/0/16    sfpAbsent     --         --       --                                                                                                                                                    
Te 2/0/17    sfpAbsent     --         --       --                                                                                                                                                    
Te 2/0/18    sfpAbsent     --         --       --                                                                                                                                                    
Te 2/0/19    sfpAbsent     --         --       --
Te 2/0/20    sfpAbsent     --         --       --
Te 2/0/21    sfpAbsent     --         --       --
Te 2/0/22    sfpAbsent     --         --       --
Te 2/0/23    sfpAbsent     --         --       --
Te 2/0/24    sfpAbsent     --         --       --
Te 2/0/25    sfpAbsent     --         --       --
Te 2/0/26    sfpAbsent     --         --       --
Te 2/0/27    sfpAbsent     --         --       --
Te 2/0/28    sfpAbsent     --         --       --
Te 2/0/29    sfpAbsent     --         --       --
Te 2/0/30    sfpAbsent     --         --       --
Te 2/0/31    sfpAbsent     --         --       --
Te 2/0/32    sfpAbsent     --         --       --
Te 2/0/33    sfpAbsent     --         --       --
Te 2/0/34    sfpAbsent     --         --       --
Te 2/0/35    sfpAbsent     --         --       --
Te 2/0/36    sfpAbsent     --         --       --
Te 2/0/37    sfpAbsent     --         --       --
Te 2/0/38    sfpAbsent     --         --       --
Te 2/0/39    sfpAbsent     --         --       --
Te 2/0/40    sfpAbsent     --         --       --
Te 2/0/41    connected     Trunk      10G      10G-SFP-SR      VxRail Top
Te 2/0/42    connected     Trunk      10G      10G-SFP-SR      VxRail Top
Te 2/0/43    connected     Trunk      10G      10G-SFP-SR      VxRail Top
Te 2/0/44    notconnected  Trunk      --       10G-SFP-SR      VxRail Top
Te 2/0/45    notconnected  Trunk      --       10G-SFP-SR      VxRail Top
Te 2/0/46    connected     Trunk      10G      10G-SFP-SR      VxRail Top
Te 2/0/47    connected     Trunk      10G      10G-SFP-SR      VxRail Top
Te 2/0/48    connected     Trunk      10G      10G-SFP-SR      VxRail Top

-------------------------- nvt command:show spanning-tree brief ------------------------------------
 
Spanning-tree Mode: Rapid Spanning Tree Protocol
      Root ID      Priority 32768
                   Address  0005.1e76.1aa0
                   Hello Time 2, Max Age 20, Forward Delay 15
      Bridge ID    Priority 32768
                   Address  0005.1e76.1aa0
                   Hello Time 2, Max Age 20, Forward Delay 15, Tx-HoldCount 6
                   Migrate Time 3 sec
Interface     Role  Sts  Cost       Prio  Link-type        Boundary  Edge
-------------------------------------------------------------------------
Te 1/1/1      DIS   DSC  2000       128   P2P               Yes      No
Te 0/1        ALT   BLK  2000       128   P2P               Yes      No
Te 0/2        RTPT  BLK  2000       128   P2P               Yes      No
Te 0/3        DIS   BLK  2000       128   P2P               Yes      No
Te 0/8        DIS   DSC  2000       128   P2P               Yes      No
Te 0/19       DIS   DSC  2000       128   P2P               Yes      No
Te 0/20       DIS   DSC  2000       128   P2P               Yes      No

----------------- nvt command:show interface switchport -----------------------------------

 Interface name          : TenGigabitEthernet 2/0/2
 Switchport mode         : access
 Fcoeport enabled        : no
 Ingress filter          : enable
 Acceptable frame types  : vlan-untagged only
 Default Vlan            : 1
 Active Vlans            : 1
 Inactive Vlans          : -
 MAC learn disable Vlans : -

 Interface name          : TenGigabitEthernet 2/0/3
 Switchport mode         : access
 Fcoeport enabled        : no
 Ingress filter          : enable
 Acceptable frame types  : vlan-untagged only
 Default Vlan            : 1
 Active Vlans            : 1
 Inactive Vlans          : -
 MAC learn disable Vlans : -

 Interface name          : TenGigabitEthernet 2/0/4
 Switchport mode         : access
 Fcoeport enabled        : no
 Ingress filter          : enable
 Acceptable frame types  : vlan-untagged only
 Default Vlan            : 1
 Active Vlans            : 1
 Inactive Vlans          : -
 MAC learn disable Vlans : -

 Interface name          : TenGigabitEthernet 2/0/5
 Switchport mode         : trunk
 Fcoeport enabled        : no
 Ingress filter          : enable
 Acceptable frame types  : vlan-tagged only
 Native Vlan             : 1
 Active Vlans            : 1,100-102,120,130,140,150,220,230,240,250,320,330,340,350,420,430,440,1230
 Inactive Vlans          : -
 MAC learn disable Vlans : -

 Interface name          : TenGigabitEthernet 2/0/6
 Switchport mode         : trunk
 Fcoeport enabled        : no
 Ingress filter          : enable
 Acceptable frame types  : vlan-tagged only
 Native Vlan             : 1
 Active Vlans            : 1,100-102,120,130,140,150,220,230,240,250,320,330,340,350,420,430,440,1230
 Inactive Vlans          : -
 MAC learn disable Vlans : -

 Interface name          : TenGigabitEthernet 2/0/7
 Switchport mode         : trunk
 Fcoeport enabled        : no
 Ingress filter          : enable
 Acceptable frame types  : vlan-tagged only
 Native Vlan             : 1
 Active Vlans            : 1,430
 Inactive Vlans          : -
 MAC learn disable Vlans : -

 Interface name          : TenGigabitEthernet 2/0/8
 Switchport mode         : access
 Fcoeport enabled        : no
 Ingress filter          : enable
 Acceptable frame types  : vlan-untagged only
 Default Vlan            : 1
 Active Vlans            : 1
 Inactive Vlans          : -
 MAC learn disable Vlans : -

 Interface name          : TenGigabitEthernet 2/0/41
 Switchport mode         : trunk
 Fcoeport enabled        : no
 Ingress filter          : enable
 Acceptable frame types  : vlan-tagged only
 Native Vlan             : 1
 Active Vlans            : 1,120,130,140,150
 Inactive Vlans          : -
 MAC learn disable Vlans : -

 Interface name          : TenGigabitEthernet 2/0/42
 Switchport mode         : trunk
 Fcoeport enabled        : no
 Ingress filter          : enable
 Acceptable frame types  : vlan-tagged only
 Native Vlan             : 1
 Active Vlans            : 1,120,130,140,150
 Inactive Vlans          : -
 MAC learn disable Vlans : -

 Interface name          : TenGigabitEthernet 2/0/43
 Switchport mode         : trunk
 Fcoeport enabled        : no
 Ingress filter          : enable
 Acceptable frame types  : vlan-tagged only
 Native Vlan             : 1
 Active Vlans            : 1,120,130,140,150
 Inactive Vlans          : -
 MAC learn disable Vlans : -

 Interface name          : TenGigabitEthernet 2/0/44
 Switchport mode         : trunk
 Fcoeport enabled        : no
 Ingress filter          : enable
 Acceptable frame types  : vlan-tagged only
 Native Vlan             : 1
 Active Vlans            : 1,120,130,140,150
 Inactive Vlans          : -
 MAC learn disable Vlans : -

 Interface name          : TenGigabitEthernet 2/0/45
 Switchport mode         : trunk
 Fcoeport enabled        : no
 Ingress filter          : enable
 Acceptable frame types  : vlan-tagged only
 Native Vlan             : 1
 Active Vlans            : 1,120,130,140,150
 Inactive Vlans          : -
 MAC learn disable Vlans : -

 Interface name          : TenGigabitEthernet 2/0/46
 Switchport mode         : trunk
 Fcoeport enabled        : no
 Ingress filter          : enable
 Acceptable frame types  : vlan-tagged only
 Native Vlan             : 1
 Active Vlans            : 1,120,130,140,150
 Inactive Vlans          : -
 MAC learn disable Vlans : -

 Interface name          : TenGigabitEthernet 2/0/47
 Switchport mode         : trunk
 Fcoeport enabled        : no
 Ingress filter          : enable
 Acceptable frame types  : vlan-tagged only
 Native Vlan             : 1
 Active Vlans            : 1,120,130,140,150
 Inactive Vlans          : -
 MAC learn disable Vlans : -

 Interface name          : TenGigabitEthernet 2/0/48
 Switchport mode         : trunk
 Fcoeport enabled        : no
 Ingress filter          : enable
 Acceptable frame types  : vlan-tagged only
 Native Vlan             : 1
 Active Vlans            : 1,120,130,140,150
 Inactive Vlans          : -
 MAC learn disable Vlans : -


----------------------------nvt command:show running-config---------------------------------------
diag post rbridge-id 2 enable
hardware
 connector-group 2/0/1
  speed LowMixed
 !
 connector-group 2/0/3
  speed LowMixed
 !
 connector-group 2/0/5
  speed LowMixed
 !
 connector-group 2/0/6
  speed LowMixed
 !
!
dpod 2/0/1
 reserve
!
dpod 2/0/2
 reserve
!
dpod 2/0/3
 reserve
!
dpod 2/0/4
 reserve
!
dpod 2/0/5
 reserve
!
dpod 2/0/6
 reserve
!
dpod 2/0/7
 reserve
!
dpod 2/0/8
 reserve
!
dpod 2/0/9
!
dpod 2/0/10
!
dpod 2/0/11
!
dpod 2/0/12
!
dpod 2/0/13
!
dpod 2/0/14
!
dpod 2/0/15
!
dpod 2/0/16
!
dpod 2/0/17
!
dpod 2/0/18
!
dpod 2/0/19
!
dpod 2/0/20
!
dpod 2/0/21
!
dpod 2/0/22
!
dpod 2/0/23
!
dpod 2/0/24
!
dpod 2/0/25
!
dpod 2/0/26
!
dpod 2/0/27
!
dpod 2/0/28
!
dpod 2/0/29
!
dpod 2/0/30
!
dpod 2/0/31
!
dpod 2/0/32
!
dpod 2/0/33
!
dpod 2/0/34
!
dpod 2/0/35
!
dpod 2/0/36
!
dpod 2/0/37
!
dpod 2/0/38
!
dpod 2/0/39
!
dpod 2/0/40
!
dpod 2/0/41
 reserve
!
dpod 2/0/42
 reserve
!
dpod 2/0/43
 reserve
!
dpod 2/0/44
 reserve
!
dpod 2/0/45
 reserve
!
dpod 2/0/46
 reserve
!
dpod 2/0/47
 reserve
!
dpod 2/0/48
 reserve
!
dpod 2/0/49
!
dpod 2/0/50
!
dpod 2/0/51
!
dpod 2/0/52
!
logging raslog console INFO
logging auditlog class SECURITY
logging auditlog class CONFIGURATION
logging auditlog class FIRMWARE
logging syslog-facility local LOG_LOCAL7
logging syslog-client localip CHASSIS_IP
switch-attributes 2
 chassis-name VDX6740
 host-name pslab2-vdx-switch
!
no support autoupload enable
support ffdc
snmp-server contact "Field Support."
snmp-server location "End User Premise."
snmp-server sys-descr "Brocade VDX Switch."
snmp-server enable trap
line vty
 exec-timeout 10
!
zoning enabled-configuration cfg-name ""
zoning enabled-configuration default-zone-access allaccess
zoning enabled-configuration cfg-action cfg-save
role name admin desc Administrator
role name user desc User
aaa authentication login local
aaa accounting exec default start-stop none
aaa accounting commands default start-stop none
service password-encryption
username admin password "BwrsDbB+tABWGWpINOVKoQ==\n" encryption-level 7 role admin desc Administrator
username readonly password "BwrsDbB+tABWGWpINOVKoQ==\n" encryption-level 7 role user
username user password "BwrsDbB+tABWGWpINOVKoQ==\n" encryption-level 7 role user desc User
cee-map default
 precedence 1
 priority-group-table 1 weight 40 pfc on
 priority-group-table 15.0 pfc off
 priority-group-table 15.1 pfc off
 priority-group-table 15.2 pfc off
 priority-group-table 15.3 pfc off
 priority-group-table 15.4 pfc off
 priority-group-table 15.5 pfc off
 priority-group-table 15.6 pfc off
 priority-group-table 15.7 pfc off
 priority-group-table 2 weight 60 pfc off
 priority-table 2 2 2 1 2 2 2 15.0
 remap fabric-priority priority 0
 remap lossless-priority priority 0
!
fcoe
 fabric-map default
  vlan 1002
  san-mode local
  priority 3
  virtual-fabric 128
  fcmap 0E:FC:00
  advertisement interval 8000
  keep-alive timeout
 !
!
interface Vlan 1
 name Management
 ip igmp snooping enable
 ip igmp snooping querier enable
 ipv6 mld snooping enable
 ipv6 mld snooping querier enable
!
interface Vlan 100
 name MBS for Bottom VxRail
 description Enable to re-image bottom VxRail
!
interface Vlan 101
 name MBS for Top VxRail
 description Enable to re-image top VxRail
!
interface Vlan 102
 name MBS for VxRail Single Node
 description Enable to re-image single node
!
interface Vlan 120
 name pslab1-vmotion
 description vMotion for single cluster VxRail (pslab1)
!
interface Vlan 130
 name pslab1-vsan
 ip igmp snooping enable
 ip igmp snooping querier enable
 description VSAN for single cluster VxRail (pslab1)
!
interface Vlan 140
 name pslab1-guest-network-1
 description Guest Network 1 for single cluster VxRail (pslab1)
!
interface Vlan 150
 name pslab1-guest-network-2
 description Guest Network 2 for single cluster VxRail (pslab1)
!
interface Vlan 220
 name pslab2-vmotion
 description vMotion for Top VxRail (pslab2)
!
interface Vlan 230
 name pslab2-vsan
 ip igmp snooping enable
 ip igmp snooping querier enable
 description VSAN for Top VxRail (pslab2)
!
interface Vlan 240
 name pslab2-guest-network-1
 description Guest Network 1 for Top VxRail (pslab2)
!
interface Vlan 250
 name pslab2-guest-network-2
 description Guest Network 2 for Top VxRail (pslab2)
!
interface Vlan 320
 name pslab3-vmotion
 description vMotion for Bottom VxRail (pslab3)
!
interface Vlan 330
 name pslab3-vsan
 ip igmp snooping enable
 ip igmp snooping querier enable
 description VSAN for Bottom VxRail (pslab3)
!
interface Vlan 340
 name pslab3-guest-network-1
 description Guest Network 1 for Bottom VxRail (pslab3)
!
interface Vlan 350
 name pslab2-guest-network-2
 description Guest Network 2 for Bottom VxRail (pslab3)
!
interface Vlan 420
 name vxsc-vmotion
 description vMotion for Stretched Cluster
!
interface Vlan 430
 name vxsc-vsan
 ip igmp snooping enable
 ip igmp snooping querier enable
 description VSAN for Stretched Cluster
!
interface Vlan 440
 name vxsc-guest-network-1
 description Guest Network 1 for Stretched Cluster
!
interface Vlan 450
 name vxsc-guest-network-2
 description Guest Network 2 for Stretched Cluster
!
interface Vlan 1230
 description Reserved for EHC
!
fabric route mcast rbridge-id 2
!
protocol lldp
 advertise dcbx-fcoe-app-tlv
 advertise dcbx-fcoe-logical-link-tlv
 advertise dcbx-tlv
 advertise optional-tlv system-name
 system-description Brocade-VDX-VCS 1
!
no vlan dot1q tag native
port-profile UpgradedVlanProfile
 vlan-profile
  switchport
  switchport mode trunk
  switchport trunk allowed vlan all
 !
!
port-profile default
 vlan-profile
  switchport
  switchport mode trunk
  switchport trunk native-vlan 1
 !
!
port-profile-domain default
 port-profile UpgradedVlanProfile
!
class-map cee
!
class-map default
!
rbridge-id 2
 switch-attributes chassis-name VDX6740
 switch-attributes host-name pslab2-vdx-switch
 vrf mgmt-vrf
  address-family ipv4 unicast
   ip route 0.0.0.0/0 10.241.168.1
  !
  address-family ipv6 unicast
  !
 !
 system-monitor fan threshold marginal-threshold 1 down-threshold 2
 system-monitor fan alert state removed action raslog
 system-monitor power threshold marginal-threshold 1 down-threshold 2
 system-monitor power alert state removed action raslog
 system-monitor temp threshold marginal-threshold 1 down-threshold 2
 system-monitor cid-card threshold marginal-threshold 1 down-threshold 2
 system-monitor cid-card alert state none action none
 system-monitor sfp alert state none action none
 system-monitor compact-flash threshold marginal-threshold 1 down-threshold 0
 system-monitor MM threshold marginal-threshold 1 down-threshold 0
 system-monitor LineCard threshold marginal-threshold 1 down-threshold 2
 system-monitor LineCard alert state none action none
 system-monitor SFM threshold marginal-threshold 1 down-threshold 2
 no protocol vrrp
 no protocol vrrp-extended
 hardware-profile tcam default
 hardware-profile route-table default maximum_paths 8 openflow off
 hardware-profile kap default
 clock timezone Etc/GMT
 ag
  enable
  counter reliability 25
  timeout fnm 120
  pg 0
   modes lb
   rename pg0
  !
 !
 ssh server key rsa 2048
 ssh server key ecdsa 256
 ssh server key dsa
 fcoe
  fcoe-enodes 0
 !
!
interface Management 2/0
 no tcp burstrate
 ip icmp echo-reply
 no ip address dhcp
 ip address 10.241.168.92/24
 ipv6 icmpv6 echo-reply
 no ipv6 address autoconfig
 no ipv6 address dhcp
 vrf forwarding mgmt-vrf
 no shutdown
!
interface TenGigabitEthernet 2/0/1
 description ISL to bottom
 fabric isl enable
 fabric trunk enable
 no shutdown
!
interface TenGigabitEthernet 2/0/2
 description Uplink to EMC 10.241.168.x
 switchport
 switchport mode access
 switchport access vlan 1
 spanning-tree shutdown
 no fabric isl enable
 no fabric trunk enable
 no shutdown
!
interface TenGigabitEthernet 2/0/3
 description Link to KVM
 switchport
 switchport mode access
 switchport access vlan 1
 spanning-tree shutdown
 no fabric isl enable
 no fabric trunk enable
 no shutdown
!
interface TenGigabitEthernet 2/0/4
 description Link to Unmanaged switch
 switchport
 switchport mode access
 switchport access vlan 1
 spanning-tree shutdown
 no fabric isl enable
 no fabric trunk enable
 no shutdown
!
interface TenGigabitEthernet 2/0/5
 description Link to ESXi vSwitch - Management
 switchport
 switchport mode trunk
 switchport trunk allowed vlan all
 switchport trunk allowed vlan remove 450
 switchport trunk tag native-vlan
 spanning-tree shutdown
 no fabric isl enable
 no fabric trunk enable
 no shutdown
!
interface TenGigabitEthernet 2/0/6
 description Link to ESXi vSwitch - vCenter PSC
 switchport
 switchport mode trunk
 switchport trunk allowed vlan all
 switchport trunk allowed vlan remove 450
 switchport trunk tag native-vlan
 spanning-tree shutdown
 no fabric isl enable
 no fabric trunk enable
 no shutdown
!
interface TenGigabitEthernet 2/0/7
 description Link to ESXi vSwitch - Witness
 switchport
 switchport mode trunk
 switchport trunk allowed vlan add 430
 switchport trunk tag native-vlan
 spanning-tree shutdown
 no fabric isl enable
 no fabric trunk enable
 no shutdown
!
interface TenGigabitEthernet 2/0/8
 description Idle link to EMC 10.241.230.x
 switchport
 switchport mode access
 switchport access vlan 1
 spanning-tree shutdown
 no fabric isl enable
 no fabric trunk enable
 no shutdown
!
interface TenGigabitEthernet 2/0/9
 fabric isl enable
 fabric trunk enable
 no shutdown
!
interface TenGigabitEthernet 2/0/10
 fabric isl enable
 fabric trunk enable
 no shutdown
!
interface TenGigabitEthernet 2/0/11
 fabric isl enable
 fabric trunk enable
 no shutdown
!
interface TenGigabitEthernet 2/0/12
 fabric isl enable
 fabric trunk enable
 no shutdown
!
interface TenGigabitEthernet 2/0/13
 fabric isl enable
 fabric trunk enable
 no shutdown
!
interface TenGigabitEthernet 2/0/14
 fabric isl enable
 fabric trunk enable
 no shutdown
!
interface TenGigabitEthernet 2/0/15
 fabric isl enable
 fabric trunk enable
 no shutdown
!
interface TenGigabitEthernet 2/0/16
 fabric isl enable
 fabric trunk enable
 no shutdown
!
interface TenGigabitEthernet 2/0/17
 fabric isl enable
 fabric trunk enable
 no shutdown
!
interface TenGigabitEthernet 2/0/18
 fabric isl enable
 fabric trunk enable
 no shutdown
!
interface TenGigabitEthernet 2/0/19
 fabric isl enable
 fabric trunk enable
 no shutdown
!
interface TenGigabitEthernet 2/0/20
 fabric isl enable
 fabric trunk enable
 no shutdown
!
interface TenGigabitEthernet 2/0/21
 fabric isl enable
 fabric trunk enable
 no shutdown
!
interface TenGigabitEthernet 2/0/22
 fabric isl enable
 fabric trunk enable
 no shutdown
!
interface TenGigabitEthernet 2/0/23
 fabric isl enable
 fabric trunk enable
 no shutdown
!
interface TenGigabitEthernet 2/0/24
 fabric isl enable
 fabric trunk enable
 no shutdown
!
interface TenGigabitEthernet 2/0/25
 fabric isl enable
 fabric trunk enable
 no shutdown
!
interface TenGigabitEthernet 2/0/26
 fabric isl enable
 fabric trunk enable
 no shutdown
!
interface TenGigabitEthernet 2/0/27
 fabric isl enable
 fabric trunk enable
 no shutdown
!
interface TenGigabitEthernet 2/0/28
 fabric isl enable
 fabric trunk enable
 no shutdown
!
interface TenGigabitEthernet 2/0/29
 fabric isl enable
 fabric trunk enable
 no shutdown
!
interface TenGigabitEthernet 2/0/30
 fabric isl enable
 fabric trunk enable
 no shutdown
!
interface TenGigabitEthernet 2/0/31
 fabric isl enable
 fabric trunk enable
 no shutdown
!
interface TenGigabitEthernet 2/0/32
 fabric isl enable
 fabric trunk enable
 no shutdown
!
interface TenGigabitEthernet 2/0/33
 fabric isl enable
 fabric trunk enable
 no shutdown
!
interface TenGigabitEthernet 2/0/34
 fabric isl enable
 fabric trunk enable
 no shutdown
!
interface TenGigabitEthernet 2/0/35
 fabric isl enable
 fabric trunk enable
 no shutdown
!
interface TenGigabitEthernet 2/0/36
 fabric isl enable
 fabric trunk enable
 no shutdown
!
interface TenGigabitEthernet 2/0/37
 fabric isl enable
 fabric trunk enable
 no shutdown
!
interface TenGigabitEthernet 2/0/38
 fabric isl enable
 fabric trunk enable
 no shutdown
!
interface TenGigabitEthernet 2/0/39
 fabric isl enable
 fabric trunk enable
 no shutdown
!
interface TenGigabitEthernet 2/0/40
 fabric isl enable
 fabric trunk enable
 no shutdown
!
interface TenGigabitEthernet 2/0/41
 description VxRail Top
 switchport
 switchport mode trunk
 switchport trunk allowed vlan add 120,130,140,150
 switchport trunk tag native-vlan
 spanning-tree shutdown
 fabric isl enable
 fabric trunk enable
 no shutdown
!
interface TenGigabitEthernet 2/0/42
 description VxRail Top
 switchport
 switchport mode trunk
 switchport trunk allowed vlan add 120,130,140,150
 switchport trunk tag native-vlan
 spanning-tree shutdown
 fabric isl enable
 fabric trunk enable
 no shutdown
!
interface TenGigabitEthernet 2/0/43
 description VxRail Top
 switchport
 switchport mode trunk
 switchport trunk allowed vlan add 120,130,140,150
 switchport trunk tag native-vlan
 spanning-tree shutdown
 fabric isl enable
 fabric trunk enable
 no shutdown
!
interface TenGigabitEthernet 2/0/44
 description VxRail Top
 switchport
 switchport mode trunk
 switchport trunk allowed vlan add 120,130,140,150
 switchport trunk tag native-vlan
 spanning-tree shutdown
 fabric isl enable
 fabric trunk enable
 no shutdown
!
interface TenGigabitEthernet 2/0/45
 description VxRail Top
 switchport
 switchport mode trunk
 switchport trunk allowed vlan add 120,130,140,150
 switchport trunk tag native-vlan
 spanning-tree shutdown
 fabric isl enable
 fabric trunk enable
 no shutdown
!
interface TenGigabitEthernet 2/0/46
 description VxRail Top
 switchport
 switchport mode trunk
 switchport trunk allowed vlan add 120,130,140,150
 switchport trunk tag native-vlan
 spanning-tree shutdown
 fabric isl enable
 fabric trunk enable
 no shutdown
!
interface TenGigabitEthernet 2/0/47
 description VxRail Top
 switchport
 switchport mode trunk
 switchport trunk allowed vlan add 120,130,140,150
 switchport trunk tag native-vlan
 spanning-tree shutdown
 fabric isl enable
 fabric trunk enable
 no shutdown
!
interface TenGigabitEthernet 2/0/48
 description VxRail Top
 switchport
 switchport mode trunk
 switchport trunk allowed vlan add 120,130,140,150
 switchport trunk tag native-vlan
 spanning-tree shutdown
 fabric isl enable
 fabric trunk enable
 no shutdown
!
interface FortyGigabitEthernet 2/0/49
 fabric isl enable
 fabric trunk enable
 no shutdown
!
interface FortyGigabitEthernet 2/0/50
 fabric isl enable
 fabric trunk enable
 no shutdown
!
interface FortyGigabitEthernet 2/0/51
 fabric isl enable
 fabric trunk enable
 no shutdown
!
interface FortyGigabitEthernet 2/0/52
 fabric isl enable
 fabric trunk enable
 no shutdown
!
interface Port-channel 10
 vlag ignore-split
 shutdown
!
interface Port-channel 55
 vlag ignore-split
 no shutdown
!
interface Port-channel 1000
 vlag ignore-split
 no shutdown
!


               